{"name":"hexo","hostname":"ludyhxydeMacBook-Pro.local","pid":32759,"level":20,"msg":"Hexo version: \u001b[35m3.7.1\u001b[39m","time":"2018-05-31T03:38:51.653Z","v":0}
{"name":"hexo","hostname":"ludyhxydeMacBook-Pro.local","pid":32759,"level":20,"msg":"Working directory: \u001b[35m~/Project/playground/huxiaoyun.github.io/\u001b[39m","time":"2018-05-31T03:38:51.655Z","v":0}
{"name":"hexo","hostname":"ludyhxydeMacBook-Pro.local","pid":32759,"level":20,"msg":"Config loaded: \u001b[35m~/Project/playground/huxiaoyun.github.io/_config.yml\u001b[39m","time":"2018-05-31T03:38:51.729Z","v":0}
{"name":"hexo","hostname":"ludyhxydeMacBook-Pro.local","pid":32759,"level":20,"msg":"Plugin loaded: \u001b[35mhexo-deployer-git\u001b[39m","time":"2018-05-31T03:38:51.758Z","v":0}
{"name":"hexo","hostname":"ludyhxydeMacBook-Pro.local","pid":32759,"level":20,"msg":"Plugin loaded: \u001b[35mhexo-generator-archive\u001b[39m","time":"2018-05-31T03:38:51.760Z","v":0}
{"name":"hexo","hostname":"ludyhxydeMacBook-Pro.local","pid":32759,"level":20,"msg":"Plugin loaded: \u001b[35mhexo-generator-category\u001b[39m","time":"2018-05-31T03:38:51.761Z","v":0}
{"name":"hexo","hostname":"ludyhxydeMacBook-Pro.local","pid":32759,"level":20,"msg":"Plugin loaded: \u001b[35mhexo-generator-index\u001b[39m","time":"2018-05-31T03:38:51.763Z","v":0}
{"name":"hexo","hostname":"ludyhxydeMacBook-Pro.local","pid":32759,"level":20,"msg":"Plugin loaded: \u001b[35mhexo-generator-tag\u001b[39m","time":"2018-05-31T03:38:51.764Z","v":0}
{"name":"hexo","hostname":"ludyhxydeMacBook-Pro.local","pid":32759,"level":20,"msg":"Plugin loaded: \u001b[35mhexo-renderer-ejs\u001b[39m","time":"2018-05-31T03:38:51.768Z","v":0}
{"name":"hexo","hostname":"ludyhxydeMacBook-Pro.local","pid":32759,"level":20,"msg":"Plugin loaded: \u001b[35mhexo-renderer-marked\u001b[39m","time":"2018-05-31T03:38:51.773Z","v":0}
{"name":"hexo","hostname":"ludyhxydeMacBook-Pro.local","pid":32759,"level":20,"msg":"Plugin loaded: \u001b[35mhexo-renderer-stylus\u001b[39m","time":"2018-05-31T03:38:51.774Z","v":0}
{"name":"hexo","hostname":"ludyhxydeMacBook-Pro.local","pid":32759,"level":20,"msg":"Plugin loaded: \u001b[35mhexo-server\u001b[39m","time":"2018-05-31T03:38:51.827Z","v":0}
{"name":"hexo","hostname":"ludyhxydeMacBook-Pro.local","pid":32759,"level":20,"msg":"Script loaded: \u001b[35mthemes/tranquilpeak/scripts/filters/excerpt.js\u001b[39m","time":"2018-05-31T03:38:51.833Z","v":0}
{"name":"hexo","hostname":"ludyhxydeMacBook-Pro.local","pid":32759,"level":20,"msg":"Script loaded: \u001b[35mthemes/tranquilpeak/scripts/filters/thumbnail_image_url.js\u001b[39m","time":"2018-05-31T03:38:51.833Z","v":0}
{"name":"hexo","hostname":"ludyhxydeMacBook-Pro.local","pid":32759,"level":20,"msg":"Script loaded: \u001b[35mthemes/tranquilpeak/scripts/helpers/absolute_url.js\u001b[39m","time":"2018-05-31T03:38:51.834Z","v":0}
{"name":"hexo","hostname":"ludyhxydeMacBook-Pro.local","pid":32759,"level":20,"msg":"Script loaded: \u001b[35mthemes/tranquilpeak/scripts/helpers/generate_sharing_link.js\u001b[39m","time":"2018-05-31T03:38:51.834Z","v":0}
{"name":"hexo","hostname":"ludyhxydeMacBook-Pro.local","pid":32759,"level":20,"msg":"Script loaded: \u001b[35mthemes/tranquilpeak/scripts/helpers/is_remote_url.js\u001b[39m","time":"2018-05-31T03:38:51.834Z","v":0}
{"name":"hexo","hostname":"ludyhxydeMacBook-Pro.local","pid":32759,"level":20,"msg":"Script loaded: \u001b[35mthemes/tranquilpeak/scripts/helpers/json_ld.js\u001b[39m","time":"2018-05-31T03:38:51.834Z","v":0}
{"name":"hexo","hostname":"ludyhxydeMacBook-Pro.local","pid":32759,"level":20,"msg":"Script loaded: \u001b[35mthemes/tranquilpeak/scripts/helpers/resolve_asset_url.js\u001b[39m","time":"2018-05-31T03:38:51.835Z","v":0}
{"name":"hexo","hostname":"ludyhxydeMacBook-Pro.local","pid":32759,"level":20,"msg":"Script loaded: \u001b[35mthemes/tranquilpeak/scripts/tags/alert.js\u001b[39m","time":"2018-05-31T03:38:51.835Z","v":0}
{"name":"hexo","hostname":"ludyhxydeMacBook-Pro.local","pid":32759,"level":20,"msg":"Script loaded: \u001b[35mthemes/tranquilpeak/scripts/tags/fancybox.js\u001b[39m","time":"2018-05-31T03:38:51.835Z","v":0}
{"name":"hexo","hostname":"ludyhxydeMacBook-Pro.local","pid":32759,"level":20,"msg":"Script loaded: \u001b[35mthemes/tranquilpeak/scripts/tags/highlight_text.js\u001b[39m","time":"2018-05-31T03:38:51.835Z","v":0}
{"name":"hexo","hostname":"ludyhxydeMacBook-Pro.local","pid":32759,"level":20,"msg":"Script loaded: \u001b[35mthemes/tranquilpeak/scripts/tags/image.js\u001b[39m","time":"2018-05-31T03:38:51.836Z","v":0}
{"name":"hexo","hostname":"ludyhxydeMacBook-Pro.local","pid":32759,"level":50,"err":{"message":"Cannot find module 'jsdom'","name":"Error","stack":"Error: Cannot find module 'jsdom'\n    at Function.Module._resolveFilename (module.js:538:15)\n    at Function.Module._load (module.js:468:25)\n    at Module.require (module.js:587:17)\n    at require (/Users/ludy.hxy/Project/playground/huxiaoyun.github.io/node_modules/hexo/lib/hexo/index.js:219:21)\n    at /Users/ludy.hxy/Project/playground/huxiaoyun.github.io/themes/tranquilpeak/scripts/tags/tabbed_codeblock.js:6:13\n    at fs.readFile.then.script (/Users/ludy.hxy/Project/playground/huxiaoyun.github.io/node_modules/hexo/lib/hexo/index.js:232:12)\n    at tryCatcher (/Users/ludy.hxy/Project/playground/huxiaoyun.github.io/node_modules/bluebird/js/release/util.js:16:23)\n    at Promise._settlePromiseFromHandler (/Users/ludy.hxy/Project/playground/huxiaoyun.github.io/node_modules/bluebird/js/release/promise.js:512:31)\n    at Promise._settlePromise (/Users/ludy.hxy/Project/playground/huxiaoyun.github.io/node_modules/bluebird/js/release/promise.js:569:18)\n    at Promise._settlePromise0 (/Users/ludy.hxy/Project/playground/huxiaoyun.github.io/node_modules/bluebird/js/release/promise.js:614:10)\n    at Promise._settlePromises (/Users/ludy.hxy/Project/playground/huxiaoyun.github.io/node_modules/bluebird/js/release/promise.js:693:18)\n    at Promise._fulfill (/Users/ludy.hxy/Project/playground/huxiaoyun.github.io/node_modules/bluebird/js/release/promise.js:638:18)\n    at Promise._resolveCallback (/Users/ludy.hxy/Project/playground/huxiaoyun.github.io/node_modules/bluebird/js/release/promise.js:432:57)\n    at Promise._settlePromiseFromHandler (/Users/ludy.hxy/Project/playground/huxiaoyun.github.io/node_modules/bluebird/js/release/promise.js:524:17)\n    at Promise._settlePromise (/Users/ludy.hxy/Project/playground/huxiaoyun.github.io/node_modules/bluebird/js/release/promise.js:569:18)\n    at Promise._settlePromise0 (/Users/ludy.hxy/Project/playground/huxiaoyun.github.io/node_modules/bluebird/js/release/promise.js:614:10)\n    at Promise._settlePromises (/Users/ludy.hxy/Project/playground/huxiaoyun.github.io/node_modules/bluebird/js/release/promise.js:693:18)\n    at Promise._fulfill (/Users/ludy.hxy/Project/playground/huxiaoyun.github.io/node_modules/bluebird/js/release/promise.js:638:18)\n    at /Users/ludy.hxy/Project/playground/huxiaoyun.github.io/node_modules/bluebird/js/release/nodeback.js:42:21\n    at /Users/ludy.hxy/Project/playground/huxiaoyun.github.io/node_modules/graceful-fs/graceful-fs.js:78:16\n    at FSReqWrap.readFileAfterClose [as oncomplete] (fs.js:511:3)","code":"MODULE_NOT_FOUND"},"msg":"Script load failed: \u001b[35mthemes/tranquilpeak/scripts/tags/tabbed_codeblock.js\u001b[39m","time":"2018-05-31T03:38:51.838Z","v":0}
{"name":"hexo","hostname":"ludyhxydeMacBook-Pro.local","pid":32759,"level":20,"msg":"Script loaded: \u001b[35mthemes/tranquilpeak/scripts/tags/wide_image.js\u001b[39m","time":"2018-05-31T03:38:51.838Z","v":0}
{"name":"hexo","hostname":"ludyhxydeMacBook-Pro.local","pid":32759,"level":20,"msg":"Loading database.","time":"2018-05-31T03:38:51.844Z","v":0}
{"name":"hexo","hostname":"ludyhxydeMacBook-Pro.local","pid":32759,"level":30,"msg":"Start processing","time":"2018-05-31T03:38:51.852Z","v":0}
{"name":"hexo","hostname":"ludyhxydeMacBook-Pro.local","pid":32759,"level":20,"msg":"Theme config loaded.","time":"2018-05-31T03:38:51.925Z","v":0}
{"name":"hexo","hostname":"ludyhxydeMacBook-Pro.local","pid":32759,"level":20,"msg":"Processed: \u001b[35m_config.yml\u001b[39m","time":"2018-05-31T03:38:51.925Z","v":0}
{"name":"hexo","hostname":"ludyhxydeMacBook-Pro.local","pid":32759,"level":20,"msg":"Processed: \u001b[35mlayout/all-archives.ejs\u001b[39m","time":"2018-05-31T03:38:51.967Z","v":0}
{"name":"hexo","hostname":"ludyhxydeMacBook-Pro.local","pid":32759,"level":20,"msg":"Processed: \u001b[35mlayout/all-categories.ejs\u001b[39m","time":"2018-05-31T03:38:51.967Z","v":0}
{"name":"hexo","hostname":"ludyhxydeMacBook-Pro.local","pid":32759,"level":20,"msg":"Processed: \u001b[35mlayout/all-tags.ejs\u001b[39m","time":"2018-05-31T03:38:51.967Z","v":0}
{"name":"hexo","hostname":"ludyhxydeMacBook-Pro.local","pid":32759,"level":20,"msg":"Processed: \u001b[35mlayout/archive.ejs\u001b[39m","time":"2018-05-31T03:38:51.967Z","v":0}
{"name":"hexo","hostname":"ludyhxydeMacBook-Pro.local","pid":32759,"level":20,"msg":"Processed: \u001b[35mlayout/category.ejs\u001b[39m","time":"2018-05-31T03:38:51.967Z","v":0}
{"name":"hexo","hostname":"ludyhxydeMacBook-Pro.local","pid":32759,"level":20,"msg":"Processed: \u001b[35mlayout/index.ejs\u001b[39m","time":"2018-05-31T03:38:51.967Z","v":0}
{"name":"hexo","hostname":"ludyhxydeMacBook-Pro.local","pid":32759,"level":20,"msg":"Processed: \u001b[35mlayout/layout.ejs\u001b[39m","time":"2018-05-31T03:38:51.967Z","v":0}
{"name":"hexo","hostname":"ludyhxydeMacBook-Pro.local","pid":32759,"level":20,"msg":"Processed: \u001b[35mlayout/page.ejs\u001b[39m","time":"2018-05-31T03:38:51.968Z","v":0}
{"name":"hexo","hostname":"ludyhxydeMacBook-Pro.local","pid":32759,"level":20,"msg":"Processed: \u001b[35mlayout/post.ejs\u001b[39m","time":"2018-05-31T03:38:51.968Z","v":0}
{"name":"hexo","hostname":"ludyhxydeMacBook-Pro.local","pid":32759,"level":20,"msg":"Processed: \u001b[35mlayout/tag.ejs\u001b[39m","time":"2018-05-31T03:38:51.968Z","v":0}
{"name":"hexo","hostname":"ludyhxydeMacBook-Pro.local","pid":32759,"level":20,"msg":"Processed: \u001b[35m_posts/hello-world.md\u001b[39m","time":"2018-05-31T03:38:51.976Z","v":0}
{"name":"hexo","hostname":"ludyhxydeMacBook-Pro.local","pid":32759,"level":20,"msg":"Processed: \u001b[35mlanguages/de-DE.yml\u001b[39m","time":"2018-05-31T03:38:51.976Z","v":0}
{"name":"hexo","hostname":"ludyhxydeMacBook-Pro.local","pid":32759,"level":20,"msg":"Processed: \u001b[35mlanguages/en.yml\u001b[39m","time":"2018-05-31T03:38:51.976Z","v":0}
{"name":"hexo","hostname":"ludyhxydeMacBook-Pro.local","pid":32759,"level":20,"msg":"Processed: \u001b[35mlanguages/es.yml\u001b[39m","time":"2018-05-31T03:38:51.976Z","v":0}
{"name":"hexo","hostname":"ludyhxydeMacBook-Pro.local","pid":32759,"level":20,"msg":"Processed: \u001b[35mlanguages/fa.yml\u001b[39m","time":"2018-05-31T03:38:51.976Z","v":0}
{"name":"hexo","hostname":"ludyhxydeMacBook-Pro.local","pid":32759,"level":20,"msg":"Processed: \u001b[35mlanguages/fr-FR.yml\u001b[39m","time":"2018-05-31T03:38:51.976Z","v":0}
{"name":"hexo","hostname":"ludyhxydeMacBook-Pro.local","pid":32759,"level":20,"msg":"Processed: \u001b[35mlanguages/it-IT.yml\u001b[39m","time":"2018-05-31T03:38:51.976Z","v":0}
{"name":"hexo","hostname":"ludyhxydeMacBook-Pro.local","pid":32759,"level":20,"msg":"Processed: \u001b[35mlanguages/ja.yml\u001b[39m","time":"2018-05-31T03:38:51.977Z","v":0}
{"name":"hexo","hostname":"ludyhxydeMacBook-Pro.local","pid":32759,"level":20,"msg":"Processed: \u001b[35mlanguages/pt-br.yml\u001b[39m","time":"2018-05-31T03:38:51.977Z","v":0}
{"name":"hexo","hostname":"ludyhxydeMacBook-Pro.local","pid":32759,"level":20,"msg":"Processed: \u001b[35mlanguages/ru.yml\u001b[39m","time":"2018-05-31T03:38:51.977Z","v":0}
{"name":"hexo","hostname":"ludyhxydeMacBook-Pro.local","pid":32759,"level":20,"msg":"Processed: \u001b[35mlanguages/zh-cn.yml\u001b[39m","time":"2018-05-31T03:38:51.977Z","v":0}
{"name":"hexo","hostname":"ludyhxydeMacBook-Pro.local","pid":32759,"level":20,"msg":"Processed: \u001b[35mlanguages/zh-tw.yml\u001b[39m","time":"2018-05-31T03:38:51.977Z","v":0}
{"name":"hexo","hostname":"ludyhxydeMacBook-Pro.local","pid":32759,"level":20,"msg":"Processed: \u001b[35mlayout/_partial/about.ejs\u001b[39m","time":"2018-05-31T03:38:52.046Z","v":0}
{"name":"hexo","hostname":"ludyhxydeMacBook-Pro.local","pid":32759,"level":20,"msg":"Processed: \u001b[35mlayout/_partial/archive-post.ejs\u001b[39m","time":"2018-05-31T03:38:52.046Z","v":0}
{"name":"hexo","hostname":"ludyhxydeMacBook-Pro.local","pid":32759,"level":20,"msg":"Processed: \u001b[35mlayout/_partial/archive.ejs\u001b[39m","time":"2018-05-31T03:38:52.047Z","v":0}
{"name":"hexo","hostname":"ludyhxydeMacBook-Pro.local","pid":32759,"level":20,"msg":"Processed: \u001b[35mlayout/_partial/baidu-analytics.ejs\u001b[39m","time":"2018-05-31T03:38:52.047Z","v":0}
{"name":"hexo","hostname":"ludyhxydeMacBook-Pro.local","pid":32759,"level":20,"msg":"Processed: \u001b[35mlayout/_partial/footer.ejs\u001b[39m","time":"2018-05-31T03:38:52.047Z","v":0}
{"name":"hexo","hostname":"ludyhxydeMacBook-Pro.local","pid":32759,"level":20,"msg":"Processed: \u001b[35mlayout/_partial/cover.ejs\u001b[39m","time":"2018-05-31T03:38:52.047Z","v":0}
{"name":"hexo","hostname":"ludyhxydeMacBook-Pro.local","pid":32759,"level":20,"msg":"Processed: \u001b[35mlayout/_partial/google-analytics.ejs\u001b[39m","time":"2018-05-31T03:38:52.047Z","v":0}
{"name":"hexo","hostname":"ludyhxydeMacBook-Pro.local","pid":32759,"level":20,"msg":"Processed: \u001b[35mlayout/_partial/head.ejs\u001b[39m","time":"2018-05-31T03:38:52.047Z","v":0}
{"name":"hexo","hostname":"ludyhxydeMacBook-Pro.local","pid":32759,"level":20,"msg":"Processed: \u001b[35mlayout/_partial/header.ejs\u001b[39m","time":"2018-05-31T03:38:52.047Z","v":0}
{"name":"hexo","hostname":"ludyhxydeMacBook-Pro.local","pid":32759,"level":20,"msg":"Processed: \u001b[35mlayout/_partial/pagination.ejs\u001b[39m","time":"2018-05-31T03:38:52.047Z","v":0}
{"name":"hexo","hostname":"ludyhxydeMacBook-Pro.local","pid":32759,"level":20,"msg":"Processed: \u001b[35mlayout/_partial/index.ejs\u001b[39m","time":"2018-05-31T03:38:52.047Z","v":0}
{"name":"hexo","hostname":"ludyhxydeMacBook-Pro.local","pid":32759,"level":20,"msg":"Processed: \u001b[35mlayout/_partial/post.ejs\u001b[39m","time":"2018-05-31T03:38:52.047Z","v":0}
{"name":"hexo","hostname":"ludyhxydeMacBook-Pro.local","pid":32759,"level":20,"msg":"Processed: \u001b[35mlayout/_partial/script.ejs\u001b[39m","time":"2018-05-31T03:38:52.047Z","v":0}
{"name":"hexo","hostname":"ludyhxydeMacBook-Pro.local","pid":32759,"level":20,"msg":"Processed: \u001b[35mlayout/_partial/search.ejs\u001b[39m","time":"2018-05-31T03:38:52.047Z","v":0}
{"name":"hexo","hostname":"ludyhxydeMacBook-Pro.local","pid":32759,"level":20,"msg":"Processed: \u001b[35mlayout/_partial/sidebar.ejs\u001b[39m","time":"2018-05-31T03:38:52.047Z","v":0}
{"name":"hexo","hostname":"ludyhxydeMacBook-Pro.local","pid":32759,"level":20,"msg":"Processed: \u001b[35mlayout/_partial/post/actions.ejs\u001b[39m","time":"2018-05-31T03:38:52.055Z","v":0}
{"name":"hexo","hostname":"ludyhxydeMacBook-Pro.local","pid":32759,"level":20,"msg":"Processed: \u001b[35mlayout/_partial/post/category.ejs\u001b[39m","time":"2018-05-31T03:38:52.055Z","v":0}
{"name":"hexo","hostname":"ludyhxydeMacBook-Pro.local","pid":32759,"level":20,"msg":"Processed: \u001b[35mlayout/_partial/post/disqus.ejs\u001b[39m","time":"2018-05-31T03:38:52.055Z","v":0}
{"name":"hexo","hostname":"ludyhxydeMacBook-Pro.local","pid":32759,"level":20,"msg":"Processed: \u001b[35mlayout/_partial/post/duoshuo.ejs\u001b[39m","time":"2018-05-31T03:38:52.055Z","v":0}
{"name":"hexo","hostname":"ludyhxydeMacBook-Pro.local","pid":32759,"level":20,"msg":"Processed: \u001b[35mlayout/_partial/post/gallery.ejs\u001b[39m","time":"2018-05-31T03:38:52.055Z","v":0}
{"name":"hexo","hostname":"ludyhxydeMacBook-Pro.local","pid":32759,"level":20,"msg":"Processed: \u001b[35mlayout/_partial/post/gitment.ejs\u001b[39m","time":"2018-05-31T03:38:52.055Z","v":0}
{"name":"hexo","hostname":"ludyhxydeMacBook-Pro.local","pid":32759,"level":20,"msg":"Processed: \u001b[35mlayout/_partial/post/header-cover.ejs\u001b[39m","time":"2018-05-31T03:38:52.055Z","v":0}
{"name":"hexo","hostname":"ludyhxydeMacBook-Pro.local","pid":32759,"level":20,"msg":"Processed: \u001b[35mlayout/_partial/post/header.ejs\u001b[39m","time":"2018-05-31T03:38:52.055Z","v":0}
{"name":"hexo","hostname":"ludyhxydeMacBook-Pro.local","pid":32759,"level":20,"msg":"Processed: \u001b[35mlayout/_partial/post/meta.ejs\u001b[39m","time":"2018-05-31T03:38:52.055Z","v":0}
{"name":"hexo","hostname":"ludyhxydeMacBook-Pro.local","pid":32759,"level":20,"msg":"Processed: \u001b[35mlayout/_partial/post/tag.ejs\u001b[39m","time":"2018-05-31T03:38:52.055Z","v":0}
{"name":"hexo","hostname":"ludyhxydeMacBook-Pro.local","pid":32759,"level":20,"msg":"Processed: \u001b[35mlayout/_partial/post/share-options.ejs\u001b[39m","time":"2018-05-31T03:38:52.055Z","v":0}
{"name":"hexo","hostname":"ludyhxydeMacBook-Pro.local","pid":32759,"level":20,"msg":"Generator: \u001b[35mpage\u001b[39m","time":"2018-05-31T03:38:52.237Z","v":0}
{"name":"hexo","hostname":"ludyhxydeMacBook-Pro.local","pid":32759,"level":20,"msg":"Generator: \u001b[35mpost\u001b[39m","time":"2018-05-31T03:38:52.238Z","v":0}
{"name":"hexo","hostname":"ludyhxydeMacBook-Pro.local","pid":32759,"level":20,"msg":"Generator: \u001b[35marchive\u001b[39m","time":"2018-05-31T03:38:52.238Z","v":0}
{"name":"hexo","hostname":"ludyhxydeMacBook-Pro.local","pid":32759,"level":20,"msg":"Generator: \u001b[35mcategory\u001b[39m","time":"2018-05-31T03:38:52.238Z","v":0}
{"name":"hexo","hostname":"ludyhxydeMacBook-Pro.local","pid":32759,"level":20,"msg":"Generator: \u001b[35mindex\u001b[39m","time":"2018-05-31T03:38:52.238Z","v":0}
{"name":"hexo","hostname":"ludyhxydeMacBook-Pro.local","pid":32759,"level":20,"msg":"Generator: \u001b[35mtag\u001b[39m","time":"2018-05-31T03:38:52.238Z","v":0}
{"name":"hexo","hostname":"ludyhxydeMacBook-Pro.local","pid":32759,"level":20,"msg":"Generator: \u001b[35masset\u001b[39m","time":"2018-05-31T03:38:52.238Z","v":0}
{"name":"hexo","hostname":"ludyhxydeMacBook-Pro.local","pid":32759,"level":30,"msg":"Hexo is running at \u001b[4mhttp://localhost:4000/\u001b[24m. Press Ctrl+C to stop.","time":"2018-05-31T03:38:52.242Z","v":0}
{"name":"hexo","hostname":"ludyhxydeMacBook-Pro.local","pid":32759,"level":20,"msg":"Database saved","time":"2018-05-31T03:38:52.247Z","v":0}
{"name":"hexo","hostname":"ludyhxydeMacBook-Pro.local","pid":32759,"level":20,"msg":"Rendering index: \u001b[35mindex.html\u001b[39m","time":"2018-05-31T03:38:56.611Z","v":0}
{"name":"hexo","hostname":"ludyhxydeMacBook-Pro.local","pid":32759,"level":20,"msg":"Rendering index: \u001b[35mindex.html\u001b[39m","time":"2018-05-31T03:40:02.173Z","v":0}
{"name":"hexo","hostname":"ludyhxydeMacBook-Pro.local","pid":32759,"level":30,"msg":"Have a nice day","time":"2018-05-31T03:40:06.255Z","v":0}
{"name":"hexo","hostname":"ludyhxydeMacBook-Pro.local","pid":32759,"level":20,"msg":"Database saved","time":"2018-05-31T03:40:06.263Z","v":0}
{"name":"hexo","hostname":"ludyhxydeMacBook-Pro.local","pid":32787,"level":20,"msg":"Hexo version: \u001b[35m3.7.1\u001b[39m","time":"2018-05-31T03:40:07.630Z","v":0}
{"name":"hexo","hostname":"ludyhxydeMacBook-Pro.local","pid":32787,"level":20,"msg":"Working directory: \u001b[35m~/Project/playground/huxiaoyun.github.io/\u001b[39m","time":"2018-05-31T03:40:07.632Z","v":0}
{"name":"hexo","hostname":"ludyhxydeMacBook-Pro.local","pid":32787,"level":20,"msg":"Config loaded: \u001b[35m~/Project/playground/huxiaoyun.github.io/_config.yml\u001b[39m","time":"2018-05-31T03:40:07.709Z","v":0}
{"name":"hexo","hostname":"ludyhxydeMacBook-Pro.local","pid":32787,"level":20,"msg":"Plugin loaded: \u001b[35mhexo-deployer-git\u001b[39m","time":"2018-05-31T03:40:07.738Z","v":0}
{"name":"hexo","hostname":"ludyhxydeMacBook-Pro.local","pid":32787,"level":20,"msg":"Plugin loaded: \u001b[35mhexo-generator-archive\u001b[39m","time":"2018-05-31T03:40:07.741Z","v":0}
{"name":"hexo","hostname":"ludyhxydeMacBook-Pro.local","pid":32787,"level":20,"msg":"Plugin loaded: \u001b[35mhexo-generator-index\u001b[39m","time":"2018-05-31T03:40:07.742Z","v":0}
{"name":"hexo","hostname":"ludyhxydeMacBook-Pro.local","pid":32787,"level":20,"msg":"Plugin loaded: \u001b[35mhexo-generator-category\u001b[39m","time":"2018-05-31T03:40:07.744Z","v":0}
{"name":"hexo","hostname":"ludyhxydeMacBook-Pro.local","pid":32787,"level":20,"msg":"Plugin loaded: \u001b[35mhexo-generator-tag\u001b[39m","time":"2018-05-31T03:40:07.745Z","v":0}
{"name":"hexo","hostname":"ludyhxydeMacBook-Pro.local","pid":32787,"level":20,"msg":"Plugin loaded: \u001b[35mhexo-renderer-ejs\u001b[39m","time":"2018-05-31T03:40:07.750Z","v":0}
{"name":"hexo","hostname":"ludyhxydeMacBook-Pro.local","pid":32787,"level":20,"msg":"Plugin loaded: \u001b[35mhexo-renderer-marked\u001b[39m","time":"2018-05-31T03:40:07.754Z","v":0}
{"name":"hexo","hostname":"ludyhxydeMacBook-Pro.local","pid":32787,"level":20,"msg":"Plugin loaded: \u001b[35mhexo-renderer-stylus\u001b[39m","time":"2018-05-31T03:40:07.755Z","v":0}
{"name":"hexo","hostname":"ludyhxydeMacBook-Pro.local","pid":32787,"level":20,"msg":"Plugin loaded: \u001b[35mhexo-server\u001b[39m","time":"2018-05-31T03:40:07.812Z","v":0}
{"name":"hexo","hostname":"ludyhxydeMacBook-Pro.local","pid":32787,"level":20,"msg":"Script loaded: \u001b[35mthemes/tranquilpeak/scripts/filters/excerpt.js\u001b[39m","time":"2018-05-31T03:40:07.818Z","v":0}
{"name":"hexo","hostname":"ludyhxydeMacBook-Pro.local","pid":32787,"level":20,"msg":"Script loaded: \u001b[35mthemes/tranquilpeak/scripts/filters/thumbnail_image_url.js\u001b[39m","time":"2018-05-31T03:40:07.819Z","v":0}
{"name":"hexo","hostname":"ludyhxydeMacBook-Pro.local","pid":32787,"level":20,"msg":"Script loaded: \u001b[35mthemes/tranquilpeak/scripts/helpers/absolute_url.js\u001b[39m","time":"2018-05-31T03:40:07.819Z","v":0}
{"name":"hexo","hostname":"ludyhxydeMacBook-Pro.local","pid":32787,"level":20,"msg":"Script loaded: \u001b[35mthemes/tranquilpeak/scripts/helpers/generate_sharing_link.js\u001b[39m","time":"2018-05-31T03:40:07.819Z","v":0}
{"name":"hexo","hostname":"ludyhxydeMacBook-Pro.local","pid":32787,"level":20,"msg":"Script loaded: \u001b[35mthemes/tranquilpeak/scripts/helpers/is_remote_url.js\u001b[39m","time":"2018-05-31T03:40:07.819Z","v":0}
{"name":"hexo","hostname":"ludyhxydeMacBook-Pro.local","pid":32787,"level":20,"msg":"Script loaded: \u001b[35mthemes/tranquilpeak/scripts/helpers/json_ld.js\u001b[39m","time":"2018-05-31T03:40:07.820Z","v":0}
{"name":"hexo","hostname":"ludyhxydeMacBook-Pro.local","pid":32787,"level":20,"msg":"Script loaded: \u001b[35mthemes/tranquilpeak/scripts/helpers/resolve_asset_url.js\u001b[39m","time":"2018-05-31T03:40:07.820Z","v":0}
{"name":"hexo","hostname":"ludyhxydeMacBook-Pro.local","pid":32787,"level":20,"msg":"Script loaded: \u001b[35mthemes/tranquilpeak/scripts/tags/fancybox.js\u001b[39m","time":"2018-05-31T03:40:07.820Z","v":0}
{"name":"hexo","hostname":"ludyhxydeMacBook-Pro.local","pid":32787,"level":20,"msg":"Script loaded: \u001b[35mthemes/tranquilpeak/scripts/tags/alert.js\u001b[39m","time":"2018-05-31T03:40:07.820Z","v":0}
{"name":"hexo","hostname":"ludyhxydeMacBook-Pro.local","pid":32787,"level":20,"msg":"Script loaded: \u001b[35mthemes/tranquilpeak/scripts/tags/highlight_text.js\u001b[39m","time":"2018-05-31T03:40:07.821Z","v":0}
{"name":"hexo","hostname":"ludyhxydeMacBook-Pro.local","pid":32787,"level":20,"msg":"Script loaded: \u001b[35mthemes/tranquilpeak/scripts/tags/image.js\u001b[39m","time":"2018-05-31T03:40:07.821Z","v":0}
{"name":"hexo","hostname":"ludyhxydeMacBook-Pro.local","pid":32787,"level":50,"err":{"message":"Cannot find module 'jquery'","name":"Error","stack":"Error: Cannot find module 'jquery'\n    at Function.Module._resolveFilename (module.js:538:15)\n    at Function.Module._load (module.js:468:25)\n    at Module.require (module.js:587:17)\n    at require (/Users/ludy.hxy/Project/playground/huxiaoyun.github.io/node_modules/hexo/lib/hexo/index.js:219:21)\n    at /Users/ludy.hxy/Project/playground/huxiaoyun.github.io/themes/tranquilpeak/scripts/tags/tabbed_codeblock.js:12:9\n    at fs.readFile.then.script (/Users/ludy.hxy/Project/playground/huxiaoyun.github.io/node_modules/hexo/lib/hexo/index.js:232:12)\n    at tryCatcher (/Users/ludy.hxy/Project/playground/huxiaoyun.github.io/node_modules/bluebird/js/release/util.js:16:23)\n    at Promise._settlePromiseFromHandler (/Users/ludy.hxy/Project/playground/huxiaoyun.github.io/node_modules/bluebird/js/release/promise.js:512:31)\n    at Promise._settlePromise (/Users/ludy.hxy/Project/playground/huxiaoyun.github.io/node_modules/bluebird/js/release/promise.js:569:18)\n    at Promise._settlePromise0 (/Users/ludy.hxy/Project/playground/huxiaoyun.github.io/node_modules/bluebird/js/release/promise.js:614:10)\n    at Promise._settlePromises (/Users/ludy.hxy/Project/playground/huxiaoyun.github.io/node_modules/bluebird/js/release/promise.js:693:18)\n    at Promise._fulfill (/Users/ludy.hxy/Project/playground/huxiaoyun.github.io/node_modules/bluebird/js/release/promise.js:638:18)\n    at Promise._resolveCallback (/Users/ludy.hxy/Project/playground/huxiaoyun.github.io/node_modules/bluebird/js/release/promise.js:432:57)\n    at Promise._settlePromiseFromHandler (/Users/ludy.hxy/Project/playground/huxiaoyun.github.io/node_modules/bluebird/js/release/promise.js:524:17)\n    at Promise._settlePromise (/Users/ludy.hxy/Project/playground/huxiaoyun.github.io/node_modules/bluebird/js/release/promise.js:569:18)\n    at Promise._settlePromise0 (/Users/ludy.hxy/Project/playground/huxiaoyun.github.io/node_modules/bluebird/js/release/promise.js:614:10)\n    at Promise._settlePromises (/Users/ludy.hxy/Project/playground/huxiaoyun.github.io/node_modules/bluebird/js/release/promise.js:693:18)\n    at Promise._fulfill (/Users/ludy.hxy/Project/playground/huxiaoyun.github.io/node_modules/bluebird/js/release/promise.js:638:18)\n    at /Users/ludy.hxy/Project/playground/huxiaoyun.github.io/node_modules/bluebird/js/release/nodeback.js:42:21\n    at /Users/ludy.hxy/Project/playground/huxiaoyun.github.io/node_modules/graceful-fs/graceful-fs.js:78:16\n    at FSReqWrap.readFileAfterClose [as oncomplete] (fs.js:511:3)","code":"MODULE_NOT_FOUND"},"msg":"Script load failed: \u001b[35mthemes/tranquilpeak/scripts/tags/tabbed_codeblock.js\u001b[39m","time":"2018-05-31T03:40:08.338Z","v":0}
{"name":"hexo","hostname":"ludyhxydeMacBook-Pro.local","pid":32787,"level":20,"msg":"Script loaded: \u001b[35mthemes/tranquilpeak/scripts/tags/wide_image.js\u001b[39m","time":"2018-05-31T03:40:08.339Z","v":0}
{"name":"hexo","hostname":"ludyhxydeMacBook-Pro.local","pid":32787,"level":20,"msg":"Loading database.","time":"2018-05-31T03:40:08.345Z","v":0}
{"name":"hexo","hostname":"ludyhxydeMacBook-Pro.local","pid":32787,"level":30,"msg":"Start processing","time":"2018-05-31T03:40:08.363Z","v":0}
{"name":"hexo","hostname":"ludyhxydeMacBook-Pro.local","pid":32787,"level":20,"msg":"Processed: \u001b[35m_posts/hello-world.md\u001b[39m","time":"2018-05-31T03:40:08.408Z","v":0}
{"name":"hexo","hostname":"ludyhxydeMacBook-Pro.local","pid":32787,"level":20,"msg":"Theme config loaded.","time":"2018-05-31T03:40:08.438Z","v":0}
{"name":"hexo","hostname":"ludyhxydeMacBook-Pro.local","pid":32787,"level":20,"msg":"Processed: \u001b[35m_config.yml\u001b[39m","time":"2018-05-31T03:40:08.439Z","v":0}
{"name":"hexo","hostname":"ludyhxydeMacBook-Pro.local","pid":32787,"level":20,"msg":"Processed: \u001b[35mlayout/all-archives.ejs\u001b[39m","time":"2018-05-31T03:40:08.471Z","v":0}
{"name":"hexo","hostname":"ludyhxydeMacBook-Pro.local","pid":32787,"level":20,"msg":"Processed: \u001b[35mlayout/all-categories.ejs\u001b[39m","time":"2018-05-31T03:40:08.471Z","v":0}
{"name":"hexo","hostname":"ludyhxydeMacBook-Pro.local","pid":32787,"level":20,"msg":"Processed: \u001b[35mlayout/archive.ejs\u001b[39m","time":"2018-05-31T03:40:08.471Z","v":0}
{"name":"hexo","hostname":"ludyhxydeMacBook-Pro.local","pid":32787,"level":20,"msg":"Processed: \u001b[35mlayout/category.ejs\u001b[39m","time":"2018-05-31T03:40:08.471Z","v":0}
{"name":"hexo","hostname":"ludyhxydeMacBook-Pro.local","pid":32787,"level":20,"msg":"Processed: \u001b[35mlayout/all-tags.ejs\u001b[39m","time":"2018-05-31T03:40:08.471Z","v":0}
{"name":"hexo","hostname":"ludyhxydeMacBook-Pro.local","pid":32787,"level":20,"msg":"Processed: \u001b[35mlayout/index.ejs\u001b[39m","time":"2018-05-31T03:40:08.471Z","v":0}
{"name":"hexo","hostname":"ludyhxydeMacBook-Pro.local","pid":32787,"level":20,"msg":"Processed: \u001b[35mlayout/layout.ejs\u001b[39m","time":"2018-05-31T03:40:08.471Z","v":0}
{"name":"hexo","hostname":"ludyhxydeMacBook-Pro.local","pid":32787,"level":20,"msg":"Processed: \u001b[35mlayout/page.ejs\u001b[39m","time":"2018-05-31T03:40:08.471Z","v":0}
{"name":"hexo","hostname":"ludyhxydeMacBook-Pro.local","pid":32787,"level":20,"msg":"Processed: \u001b[35mlayout/post.ejs\u001b[39m","time":"2018-05-31T03:40:08.472Z","v":0}
{"name":"hexo","hostname":"ludyhxydeMacBook-Pro.local","pid":32787,"level":20,"msg":"Processed: \u001b[35mlayout/tag.ejs\u001b[39m","time":"2018-05-31T03:40:08.472Z","v":0}
{"name":"hexo","hostname":"ludyhxydeMacBook-Pro.local","pid":32787,"level":20,"msg":"Processed: \u001b[35mlanguages/de-DE.yml\u001b[39m","time":"2018-05-31T03:40:08.474Z","v":0}
{"name":"hexo","hostname":"ludyhxydeMacBook-Pro.local","pid":32787,"level":20,"msg":"Processed: \u001b[35mlanguages/en.yml\u001b[39m","time":"2018-05-31T03:40:08.474Z","v":0}
{"name":"hexo","hostname":"ludyhxydeMacBook-Pro.local","pid":32787,"level":20,"msg":"Processed: \u001b[35mlanguages/es.yml\u001b[39m","time":"2018-05-31T03:40:08.474Z","v":0}
{"name":"hexo","hostname":"ludyhxydeMacBook-Pro.local","pid":32787,"level":20,"msg":"Processed: \u001b[35mlanguages/fa.yml\u001b[39m","time":"2018-05-31T03:40:08.474Z","v":0}
{"name":"hexo","hostname":"ludyhxydeMacBook-Pro.local","pid":32787,"level":20,"msg":"Processed: \u001b[35mlanguages/fr-FR.yml\u001b[39m","time":"2018-05-31T03:40:08.474Z","v":0}
{"name":"hexo","hostname":"ludyhxydeMacBook-Pro.local","pid":32787,"level":20,"msg":"Processed: \u001b[35mlanguages/it-IT.yml\u001b[39m","time":"2018-05-31T03:40:08.474Z","v":0}
{"name":"hexo","hostname":"ludyhxydeMacBook-Pro.local","pid":32787,"level":20,"msg":"Processed: \u001b[35mlanguages/ja.yml\u001b[39m","time":"2018-05-31T03:40:08.474Z","v":0}
{"name":"hexo","hostname":"ludyhxydeMacBook-Pro.local","pid":32787,"level":20,"msg":"Processed: \u001b[35mlanguages/pt-br.yml\u001b[39m","time":"2018-05-31T03:40:08.475Z","v":0}
{"name":"hexo","hostname":"ludyhxydeMacBook-Pro.local","pid":32787,"level":20,"msg":"Processed: \u001b[35mlanguages/ru.yml\u001b[39m","time":"2018-05-31T03:40:08.475Z","v":0}
{"name":"hexo","hostname":"ludyhxydeMacBook-Pro.local","pid":32787,"level":20,"msg":"Processed: \u001b[35mlanguages/zh-cn.yml\u001b[39m","time":"2018-05-31T03:40:08.475Z","v":0}
{"name":"hexo","hostname":"ludyhxydeMacBook-Pro.local","pid":32787,"level":20,"msg":"Processed: \u001b[35mlanguages/zh-tw.yml\u001b[39m","time":"2018-05-31T03:40:08.475Z","v":0}
{"name":"hexo","hostname":"ludyhxydeMacBook-Pro.local","pid":32787,"level":20,"msg":"Processed: \u001b[35mlayout/_partial/about.ejs\u001b[39m","time":"2018-05-31T03:40:08.495Z","v":0}
{"name":"hexo","hostname":"ludyhxydeMacBook-Pro.local","pid":32787,"level":20,"msg":"Processed: \u001b[35mlayout/_partial/archive-post.ejs\u001b[39m","time":"2018-05-31T03:40:08.495Z","v":0}
{"name":"hexo","hostname":"ludyhxydeMacBook-Pro.local","pid":32787,"level":20,"msg":"Processed: \u001b[35mlayout/_partial/archive.ejs\u001b[39m","time":"2018-05-31T03:40:08.495Z","v":0}
{"name":"hexo","hostname":"ludyhxydeMacBook-Pro.local","pid":32787,"level":20,"msg":"Processed: \u001b[35mlayout/_partial/baidu-analytics.ejs\u001b[39m","time":"2018-05-31T03:40:08.495Z","v":0}
{"name":"hexo","hostname":"ludyhxydeMacBook-Pro.local","pid":32787,"level":20,"msg":"Processed: \u001b[35mlayout/_partial/cover.ejs\u001b[39m","time":"2018-05-31T03:40:08.495Z","v":0}
{"name":"hexo","hostname":"ludyhxydeMacBook-Pro.local","pid":32787,"level":20,"msg":"Processed: \u001b[35mlayout/_partial/footer.ejs\u001b[39m","time":"2018-05-31T03:40:08.495Z","v":0}
{"name":"hexo","hostname":"ludyhxydeMacBook-Pro.local","pid":32787,"level":20,"msg":"Processed: \u001b[35mlayout/_partial/google-analytics.ejs\u001b[39m","time":"2018-05-31T03:40:08.495Z","v":0}
{"name":"hexo","hostname":"ludyhxydeMacBook-Pro.local","pid":32787,"level":20,"msg":"Processed: \u001b[35mlayout/_partial/head.ejs\u001b[39m","time":"2018-05-31T03:40:08.495Z","v":0}
{"name":"hexo","hostname":"ludyhxydeMacBook-Pro.local","pid":32787,"level":20,"msg":"Processed: \u001b[35mlayout/_partial/header.ejs\u001b[39m","time":"2018-05-31T03:40:08.495Z","v":0}
{"name":"hexo","hostname":"ludyhxydeMacBook-Pro.local","pid":32787,"level":20,"msg":"Processed: \u001b[35mlayout/_partial/pagination.ejs\u001b[39m","time":"2018-05-31T03:40:08.496Z","v":0}
{"name":"hexo","hostname":"ludyhxydeMacBook-Pro.local","pid":32787,"level":20,"msg":"Processed: \u001b[35mlayout/_partial/index.ejs\u001b[39m","time":"2018-05-31T03:40:08.496Z","v":0}
{"name":"hexo","hostname":"ludyhxydeMacBook-Pro.local","pid":32787,"level":20,"msg":"Processed: \u001b[35mlayout/_partial/script.ejs\u001b[39m","time":"2018-05-31T03:40:08.496Z","v":0}
{"name":"hexo","hostname":"ludyhxydeMacBook-Pro.local","pid":32787,"level":20,"msg":"Processed: \u001b[35mlayout/_partial/post.ejs\u001b[39m","time":"2018-05-31T03:40:08.496Z","v":0}
{"name":"hexo","hostname":"ludyhxydeMacBook-Pro.local","pid":32787,"level":20,"msg":"Processed: \u001b[35mlayout/_partial/search.ejs\u001b[39m","time":"2018-05-31T03:40:08.496Z","v":0}
{"name":"hexo","hostname":"ludyhxydeMacBook-Pro.local","pid":32787,"level":20,"msg":"Processed: \u001b[35mlayout/_partial/sidebar.ejs\u001b[39m","time":"2018-05-31T03:40:08.496Z","v":0}
{"name":"hexo","hostname":"ludyhxydeMacBook-Pro.local","pid":32787,"level":20,"msg":"Processed: \u001b[35mlayout/_partial/post/actions.ejs\u001b[39m","time":"2018-05-31T03:40:08.503Z","v":0}
{"name":"hexo","hostname":"ludyhxydeMacBook-Pro.local","pid":32787,"level":20,"msg":"Processed: \u001b[35mlayout/_partial/post/category.ejs\u001b[39m","time":"2018-05-31T03:40:08.503Z","v":0}
{"name":"hexo","hostname":"ludyhxydeMacBook-Pro.local","pid":32787,"level":20,"msg":"Processed: \u001b[35mlayout/_partial/post/disqus.ejs\u001b[39m","time":"2018-05-31T03:40:08.503Z","v":0}
{"name":"hexo","hostname":"ludyhxydeMacBook-Pro.local","pid":32787,"level":20,"msg":"Processed: \u001b[35mlayout/_partial/post/duoshuo.ejs\u001b[39m","time":"2018-05-31T03:40:08.503Z","v":0}
{"name":"hexo","hostname":"ludyhxydeMacBook-Pro.local","pid":32787,"level":20,"msg":"Processed: \u001b[35mlayout/_partial/post/gallery.ejs\u001b[39m","time":"2018-05-31T03:40:08.503Z","v":0}
{"name":"hexo","hostname":"ludyhxydeMacBook-Pro.local","pid":32787,"level":20,"msg":"Processed: \u001b[35mlayout/_partial/post/header-cover.ejs\u001b[39m","time":"2018-05-31T03:40:08.504Z","v":0}
{"name":"hexo","hostname":"ludyhxydeMacBook-Pro.local","pid":32787,"level":20,"msg":"Processed: \u001b[35mlayout/_partial/post/gitment.ejs\u001b[39m","time":"2018-05-31T03:40:08.504Z","v":0}
{"name":"hexo","hostname":"ludyhxydeMacBook-Pro.local","pid":32787,"level":20,"msg":"Processed: \u001b[35mlayout/_partial/post/header.ejs\u001b[39m","time":"2018-05-31T03:40:08.504Z","v":0}
{"name":"hexo","hostname":"ludyhxydeMacBook-Pro.local","pid":32787,"level":20,"msg":"Processed: \u001b[35mlayout/_partial/post/meta.ejs\u001b[39m","time":"2018-05-31T03:40:08.504Z","v":0}
{"name":"hexo","hostname":"ludyhxydeMacBook-Pro.local","pid":32787,"level":20,"msg":"Processed: \u001b[35mlayout/_partial/post/share-options.ejs\u001b[39m","time":"2018-05-31T03:40:08.504Z","v":0}
{"name":"hexo","hostname":"ludyhxydeMacBook-Pro.local","pid":32787,"level":20,"msg":"Processed: \u001b[35mlayout/_partial/post/tag.ejs\u001b[39m","time":"2018-05-31T03:40:08.504Z","v":0}
{"name":"hexo","hostname":"ludyhxydeMacBook-Pro.local","pid":32787,"level":20,"msg":"Generator: \u001b[35mpage\u001b[39m","time":"2018-05-31T03:40:08.630Z","v":0}
{"name":"hexo","hostname":"ludyhxydeMacBook-Pro.local","pid":32787,"level":20,"msg":"Generator: \u001b[35mpost\u001b[39m","time":"2018-05-31T03:40:08.630Z","v":0}
{"name":"hexo","hostname":"ludyhxydeMacBook-Pro.local","pid":32787,"level":20,"msg":"Generator: \u001b[35marchive\u001b[39m","time":"2018-05-31T03:40:08.630Z","v":0}
{"name":"hexo","hostname":"ludyhxydeMacBook-Pro.local","pid":32787,"level":20,"msg":"Generator: \u001b[35mindex\u001b[39m","time":"2018-05-31T03:40:08.630Z","v":0}
{"name":"hexo","hostname":"ludyhxydeMacBook-Pro.local","pid":32787,"level":20,"msg":"Generator: \u001b[35mcategory\u001b[39m","time":"2018-05-31T03:40:08.631Z","v":0}
{"name":"hexo","hostname":"ludyhxydeMacBook-Pro.local","pid":32787,"level":20,"msg":"Generator: \u001b[35mtag\u001b[39m","time":"2018-05-31T03:40:08.631Z","v":0}
{"name":"hexo","hostname":"ludyhxydeMacBook-Pro.local","pid":32787,"level":20,"msg":"Generator: \u001b[35masset\u001b[39m","time":"2018-05-31T03:40:08.631Z","v":0}
{"name":"hexo","hostname":"ludyhxydeMacBook-Pro.local","pid":32787,"level":30,"msg":"Hexo is running at \u001b[4mhttp://localhost:4000/\u001b[24m. Press Ctrl+C to stop.","time":"2018-05-31T03:40:08.635Z","v":0}
{"name":"hexo","hostname":"ludyhxydeMacBook-Pro.local","pid":32787,"level":20,"msg":"Database saved","time":"2018-05-31T03:40:08.640Z","v":0}
{"name":"hexo","hostname":"ludyhxydeMacBook-Pro.local","pid":32787,"level":30,"msg":"Have a nice day","time":"2018-05-31T03:40:21.727Z","v":0}
{"name":"hexo","hostname":"ludyhxydeMacBook-Pro.local","pid":32787,"level":20,"msg":"Database saved","time":"2018-05-31T03:40:21.733Z","v":0}
{"name":"hexo","hostname":"ludyhxydeMacBook-Pro.local","pid":32793,"level":20,"msg":"Hexo version: \u001b[35m3.7.1\u001b[39m","time":"2018-05-31T03:40:25.067Z","v":0}
{"name":"hexo","hostname":"ludyhxydeMacBook-Pro.local","pid":32793,"level":20,"msg":"Working directory: \u001b[35m~/Project/playground/huxiaoyun.github.io/\u001b[39m","time":"2018-05-31T03:40:25.070Z","v":0}
{"name":"hexo","hostname":"ludyhxydeMacBook-Pro.local","pid":32793,"level":20,"msg":"Config loaded: \u001b[35m~/Project/playground/huxiaoyun.github.io/_config.yml\u001b[39m","time":"2018-05-31T03:40:25.147Z","v":0}
{"name":"hexo","hostname":"ludyhxydeMacBook-Pro.local","pid":32793,"level":20,"msg":"Plugin loaded: \u001b[35mhexo-deployer-git\u001b[39m","time":"2018-05-31T03:40:25.176Z","v":0}
{"name":"hexo","hostname":"ludyhxydeMacBook-Pro.local","pid":32793,"level":20,"msg":"Plugin loaded: \u001b[35mhexo-generator-archive\u001b[39m","time":"2018-05-31T03:40:25.179Z","v":0}
{"name":"hexo","hostname":"ludyhxydeMacBook-Pro.local","pid":32793,"level":20,"msg":"Plugin loaded: \u001b[35mhexo-generator-category\u001b[39m","time":"2018-05-31T03:40:25.180Z","v":0}
{"name":"hexo","hostname":"ludyhxydeMacBook-Pro.local","pid":32793,"level":20,"msg":"Plugin loaded: \u001b[35mhexo-generator-index\u001b[39m","time":"2018-05-31T03:40:25.181Z","v":0}
{"name":"hexo","hostname":"ludyhxydeMacBook-Pro.local","pid":32793,"level":20,"msg":"Plugin loaded: \u001b[35mhexo-generator-tag\u001b[39m","time":"2018-05-31T03:40:25.182Z","v":0}
{"name":"hexo","hostname":"ludyhxydeMacBook-Pro.local","pid":32793,"level":20,"msg":"Plugin loaded: \u001b[35mhexo-renderer-ejs\u001b[39m","time":"2018-05-31T03:40:25.186Z","v":0}
{"name":"hexo","hostname":"ludyhxydeMacBook-Pro.local","pid":32793,"level":20,"msg":"Plugin loaded: \u001b[35mhexo-renderer-marked\u001b[39m","time":"2018-05-31T03:40:25.191Z","v":0}
{"name":"hexo","hostname":"ludyhxydeMacBook-Pro.local","pid":32793,"level":20,"msg":"Plugin loaded: \u001b[35mhexo-renderer-stylus\u001b[39m","time":"2018-05-31T03:40:25.192Z","v":0}
{"name":"hexo","hostname":"ludyhxydeMacBook-Pro.local","pid":32793,"level":20,"msg":"Plugin loaded: \u001b[35mhexo-server\u001b[39m","time":"2018-05-31T03:40:25.251Z","v":0}
{"name":"hexo","hostname":"ludyhxydeMacBook-Pro.local","pid":32793,"level":20,"msg":"Script loaded: \u001b[35mthemes/tranquilpeak/scripts/filters/excerpt.js\u001b[39m","time":"2018-05-31T03:40:25.256Z","v":0}
{"name":"hexo","hostname":"ludyhxydeMacBook-Pro.local","pid":32793,"level":20,"msg":"Script loaded: \u001b[35mthemes/tranquilpeak/scripts/filters/thumbnail_image_url.js\u001b[39m","time":"2018-05-31T03:40:25.257Z","v":0}
{"name":"hexo","hostname":"ludyhxydeMacBook-Pro.local","pid":32793,"level":20,"msg":"Script loaded: \u001b[35mthemes/tranquilpeak/scripts/helpers/absolute_url.js\u001b[39m","time":"2018-05-31T03:40:25.257Z","v":0}
{"name":"hexo","hostname":"ludyhxydeMacBook-Pro.local","pid":32793,"level":20,"msg":"Script loaded: \u001b[35mthemes/tranquilpeak/scripts/helpers/generate_sharing_link.js\u001b[39m","time":"2018-05-31T03:40:25.257Z","v":0}
{"name":"hexo","hostname":"ludyhxydeMacBook-Pro.local","pid":32793,"level":20,"msg":"Script loaded: \u001b[35mthemes/tranquilpeak/scripts/helpers/is_remote_url.js\u001b[39m","time":"2018-05-31T03:40:25.258Z","v":0}
{"name":"hexo","hostname":"ludyhxydeMacBook-Pro.local","pid":32793,"level":20,"msg":"Script loaded: \u001b[35mthemes/tranquilpeak/scripts/helpers/json_ld.js\u001b[39m","time":"2018-05-31T03:40:25.258Z","v":0}
{"name":"hexo","hostname":"ludyhxydeMacBook-Pro.local","pid":32793,"level":20,"msg":"Script loaded: \u001b[35mthemes/tranquilpeak/scripts/helpers/resolve_asset_url.js\u001b[39m","time":"2018-05-31T03:40:25.258Z","v":0}
{"name":"hexo","hostname":"ludyhxydeMacBook-Pro.local","pid":32793,"level":20,"msg":"Script loaded: \u001b[35mthemes/tranquilpeak/scripts/tags/alert.js\u001b[39m","time":"2018-05-31T03:40:25.258Z","v":0}
{"name":"hexo","hostname":"ludyhxydeMacBook-Pro.local","pid":32793,"level":20,"msg":"Script loaded: \u001b[35mthemes/tranquilpeak/scripts/tags/fancybox.js\u001b[39m","time":"2018-05-31T03:40:25.259Z","v":0}
{"name":"hexo","hostname":"ludyhxydeMacBook-Pro.local","pid":32793,"level":20,"msg":"Script loaded: \u001b[35mthemes/tranquilpeak/scripts/tags/highlight_text.js\u001b[39m","time":"2018-05-31T03:40:25.259Z","v":0}
{"name":"hexo","hostname":"ludyhxydeMacBook-Pro.local","pid":32793,"level":20,"msg":"Script loaded: \u001b[35mthemes/tranquilpeak/scripts/tags/image.js\u001b[39m","time":"2018-05-31T03:40:25.259Z","v":0}
{"name":"hexo","hostname":"ludyhxydeMacBook-Pro.local","pid":32793,"level":20,"msg":"Script loaded: \u001b[35mthemes/tranquilpeak/scripts/tags/tabbed_codeblock.js\u001b[39m","time":"2018-05-31T03:40:25.759Z","v":0}
{"name":"hexo","hostname":"ludyhxydeMacBook-Pro.local","pid":32793,"level":20,"msg":"Script loaded: \u001b[35mthemes/tranquilpeak/scripts/tags/wide_image.js\u001b[39m","time":"2018-05-31T03:40:25.760Z","v":0}
{"name":"hexo","hostname":"ludyhxydeMacBook-Pro.local","pid":32793,"level":20,"msg":"Loading database.","time":"2018-05-31T03:40:25.812Z","v":0}
{"name":"hexo","hostname":"ludyhxydeMacBook-Pro.local","pid":32793,"level":30,"msg":"Start processing","time":"2018-05-31T03:40:25.831Z","v":0}
{"name":"hexo","hostname":"ludyhxydeMacBook-Pro.local","pid":32793,"level":20,"msg":"Processed: \u001b[35m_posts/hello-world.md\u001b[39m","time":"2018-05-31T03:40:25.883Z","v":0}
{"name":"hexo","hostname":"ludyhxydeMacBook-Pro.local","pid":32793,"level":20,"msg":"Theme config loaded.","time":"2018-05-31T03:40:25.915Z","v":0}
{"name":"hexo","hostname":"ludyhxydeMacBook-Pro.local","pid":32793,"level":20,"msg":"Processed: \u001b[35m_config.yml\u001b[39m","time":"2018-05-31T03:40:25.918Z","v":0}
{"name":"hexo","hostname":"ludyhxydeMacBook-Pro.local","pid":32793,"level":20,"msg":"Processed: \u001b[35mlayout/all-archives.ejs\u001b[39m","time":"2018-05-31T03:40:25.946Z","v":0}
{"name":"hexo","hostname":"ludyhxydeMacBook-Pro.local","pid":32793,"level":20,"msg":"Processed: \u001b[35mlayout/all-categories.ejs\u001b[39m","time":"2018-05-31T03:40:25.946Z","v":0}
{"name":"hexo","hostname":"ludyhxydeMacBook-Pro.local","pid":32793,"level":20,"msg":"Processed: \u001b[35mlayout/all-tags.ejs\u001b[39m","time":"2018-05-31T03:40:25.947Z","v":0}
{"name":"hexo","hostname":"ludyhxydeMacBook-Pro.local","pid":32793,"level":20,"msg":"Processed: \u001b[35mlayout/archive.ejs\u001b[39m","time":"2018-05-31T03:40:25.947Z","v":0}
{"name":"hexo","hostname":"ludyhxydeMacBook-Pro.local","pid":32793,"level":20,"msg":"Processed: \u001b[35mlayout/category.ejs\u001b[39m","time":"2018-05-31T03:40:25.947Z","v":0}
{"name":"hexo","hostname":"ludyhxydeMacBook-Pro.local","pid":32793,"level":20,"msg":"Processed: \u001b[35mlayout/index.ejs\u001b[39m","time":"2018-05-31T03:40:25.947Z","v":0}
{"name":"hexo","hostname":"ludyhxydeMacBook-Pro.local","pid":32793,"level":20,"msg":"Processed: \u001b[35mlayout/layout.ejs\u001b[39m","time":"2018-05-31T03:40:25.947Z","v":0}
{"name":"hexo","hostname":"ludyhxydeMacBook-Pro.local","pid":32793,"level":20,"msg":"Processed: \u001b[35mlayout/page.ejs\u001b[39m","time":"2018-05-31T03:40:25.947Z","v":0}
{"name":"hexo","hostname":"ludyhxydeMacBook-Pro.local","pid":32793,"level":20,"msg":"Processed: \u001b[35mlayout/post.ejs\u001b[39m","time":"2018-05-31T03:40:25.947Z","v":0}
{"name":"hexo","hostname":"ludyhxydeMacBook-Pro.local","pid":32793,"level":20,"msg":"Processed: \u001b[35mlayout/tag.ejs\u001b[39m","time":"2018-05-31T03:40:25.947Z","v":0}
{"name":"hexo","hostname":"ludyhxydeMacBook-Pro.local","pid":32793,"level":20,"msg":"Processed: \u001b[35mlanguages/de-DE.yml\u001b[39m","time":"2018-05-31T03:40:25.951Z","v":0}
{"name":"hexo","hostname":"ludyhxydeMacBook-Pro.local","pid":32793,"level":20,"msg":"Processed: \u001b[35mlanguages/en.yml\u001b[39m","time":"2018-05-31T03:40:25.952Z","v":0}
{"name":"hexo","hostname":"ludyhxydeMacBook-Pro.local","pid":32793,"level":20,"msg":"Processed: \u001b[35mlanguages/fr-FR.yml\u001b[39m","time":"2018-05-31T03:40:25.952Z","v":0}
{"name":"hexo","hostname":"ludyhxydeMacBook-Pro.local","pid":32793,"level":20,"msg":"Processed: \u001b[35mlanguages/es.yml\u001b[39m","time":"2018-05-31T03:40:25.952Z","v":0}
{"name":"hexo","hostname":"ludyhxydeMacBook-Pro.local","pid":32793,"level":20,"msg":"Processed: \u001b[35mlanguages/fa.yml\u001b[39m","time":"2018-05-31T03:40:25.952Z","v":0}
{"name":"hexo","hostname":"ludyhxydeMacBook-Pro.local","pid":32793,"level":20,"msg":"Processed: \u001b[35mlanguages/it-IT.yml\u001b[39m","time":"2018-05-31T03:40:25.952Z","v":0}
{"name":"hexo","hostname":"ludyhxydeMacBook-Pro.local","pid":32793,"level":20,"msg":"Processed: \u001b[35mlanguages/ja.yml\u001b[39m","time":"2018-05-31T03:40:25.952Z","v":0}
{"name":"hexo","hostname":"ludyhxydeMacBook-Pro.local","pid":32793,"level":20,"msg":"Processed: \u001b[35mlanguages/pt-br.yml\u001b[39m","time":"2018-05-31T03:40:25.952Z","v":0}
{"name":"hexo","hostname":"ludyhxydeMacBook-Pro.local","pid":32793,"level":20,"msg":"Processed: \u001b[35mlanguages/ru.yml\u001b[39m","time":"2018-05-31T03:40:25.952Z","v":0}
{"name":"hexo","hostname":"ludyhxydeMacBook-Pro.local","pid":32793,"level":20,"msg":"Processed: \u001b[35mlanguages/zh-cn.yml\u001b[39m","time":"2018-05-31T03:40:25.952Z","v":0}
{"name":"hexo","hostname":"ludyhxydeMacBook-Pro.local","pid":32793,"level":20,"msg":"Processed: \u001b[35mlanguages/zh-tw.yml\u001b[39m","time":"2018-05-31T03:40:25.952Z","v":0}
{"name":"hexo","hostname":"ludyhxydeMacBook-Pro.local","pid":32793,"level":20,"msg":"Processed: \u001b[35mlayout/_partial/about.ejs\u001b[39m","time":"2018-05-31T03:40:25.967Z","v":0}
{"name":"hexo","hostname":"ludyhxydeMacBook-Pro.local","pid":32793,"level":20,"msg":"Processed: \u001b[35mlayout/_partial/archive-post.ejs\u001b[39m","time":"2018-05-31T03:40:25.967Z","v":0}
{"name":"hexo","hostname":"ludyhxydeMacBook-Pro.local","pid":32793,"level":20,"msg":"Processed: \u001b[35mlayout/_partial/archive.ejs\u001b[39m","time":"2018-05-31T03:40:25.967Z","v":0}
{"name":"hexo","hostname":"ludyhxydeMacBook-Pro.local","pid":32793,"level":20,"msg":"Processed: \u001b[35mlayout/_partial/cover.ejs\u001b[39m","time":"2018-05-31T03:40:25.968Z","v":0}
{"name":"hexo","hostname":"ludyhxydeMacBook-Pro.local","pid":32793,"level":20,"msg":"Processed: \u001b[35mlayout/_partial/baidu-analytics.ejs\u001b[39m","time":"2018-05-31T03:40:25.968Z","v":0}
{"name":"hexo","hostname":"ludyhxydeMacBook-Pro.local","pid":32793,"level":20,"msg":"Processed: \u001b[35mlayout/_partial/footer.ejs\u001b[39m","time":"2018-05-31T03:40:25.968Z","v":0}
{"name":"hexo","hostname":"ludyhxydeMacBook-Pro.local","pid":32793,"level":20,"msg":"Processed: \u001b[35mlayout/_partial/google-analytics.ejs\u001b[39m","time":"2018-05-31T03:40:25.968Z","v":0}
{"name":"hexo","hostname":"ludyhxydeMacBook-Pro.local","pid":32793,"level":20,"msg":"Processed: \u001b[35mlayout/_partial/head.ejs\u001b[39m","time":"2018-05-31T03:40:25.968Z","v":0}
{"name":"hexo","hostname":"ludyhxydeMacBook-Pro.local","pid":32793,"level":20,"msg":"Processed: \u001b[35mlayout/_partial/header.ejs\u001b[39m","time":"2018-05-31T03:40:25.968Z","v":0}
{"name":"hexo","hostname":"ludyhxydeMacBook-Pro.local","pid":32793,"level":20,"msg":"Processed: \u001b[35mlayout/_partial/index.ejs\u001b[39m","time":"2018-05-31T03:40:25.968Z","v":0}
{"name":"hexo","hostname":"ludyhxydeMacBook-Pro.local","pid":32793,"level":20,"msg":"Processed: \u001b[35mlayout/_partial/pagination.ejs\u001b[39m","time":"2018-05-31T03:40:25.968Z","v":0}
{"name":"hexo","hostname":"ludyhxydeMacBook-Pro.local","pid":32793,"level":20,"msg":"Processed: \u001b[35mlayout/_partial/post.ejs\u001b[39m","time":"2018-05-31T03:40:25.968Z","v":0}
{"name":"hexo","hostname":"ludyhxydeMacBook-Pro.local","pid":32793,"level":20,"msg":"Processed: \u001b[35mlayout/_partial/script.ejs\u001b[39m","time":"2018-05-31T03:40:25.968Z","v":0}
{"name":"hexo","hostname":"ludyhxydeMacBook-Pro.local","pid":32793,"level":20,"msg":"Processed: \u001b[35mlayout/_partial/sidebar.ejs\u001b[39m","time":"2018-05-31T03:40:25.968Z","v":0}
{"name":"hexo","hostname":"ludyhxydeMacBook-Pro.local","pid":32793,"level":20,"msg":"Processed: \u001b[35mlayout/_partial/search.ejs\u001b[39m","time":"2018-05-31T03:40:25.968Z","v":0}
{"name":"hexo","hostname":"ludyhxydeMacBook-Pro.local","pid":32793,"level":20,"msg":"Processed: \u001b[35mlayout/_partial/post/actions.ejs\u001b[39m","time":"2018-05-31T03:40:25.977Z","v":0}
{"name":"hexo","hostname":"ludyhxydeMacBook-Pro.local","pid":32793,"level":20,"msg":"Processed: \u001b[35mlayout/_partial/post/category.ejs\u001b[39m","time":"2018-05-31T03:40:25.977Z","v":0}
{"name":"hexo","hostname":"ludyhxydeMacBook-Pro.local","pid":32793,"level":20,"msg":"Processed: \u001b[35mlayout/_partial/post/disqus.ejs\u001b[39m","time":"2018-05-31T03:40:25.977Z","v":0}
{"name":"hexo","hostname":"ludyhxydeMacBook-Pro.local","pid":32793,"level":20,"msg":"Processed: \u001b[35mlayout/_partial/post/duoshuo.ejs\u001b[39m","time":"2018-05-31T03:40:25.977Z","v":0}
{"name":"hexo","hostname":"ludyhxydeMacBook-Pro.local","pid":32793,"level":20,"msg":"Processed: \u001b[35mlayout/_partial/post/gallery.ejs\u001b[39m","time":"2018-05-31T03:40:25.977Z","v":0}
{"name":"hexo","hostname":"ludyhxydeMacBook-Pro.local","pid":32793,"level":20,"msg":"Processed: \u001b[35mlayout/_partial/post/gitment.ejs\u001b[39m","time":"2018-05-31T03:40:25.977Z","v":0}
{"name":"hexo","hostname":"ludyhxydeMacBook-Pro.local","pid":32793,"level":20,"msg":"Processed: \u001b[35mlayout/_partial/post/header-cover.ejs\u001b[39m","time":"2018-05-31T03:40:25.977Z","v":0}
{"name":"hexo","hostname":"ludyhxydeMacBook-Pro.local","pid":32793,"level":20,"msg":"Processed: \u001b[35mlayout/_partial/post/header.ejs\u001b[39m","time":"2018-05-31T03:40:25.977Z","v":0}
{"name":"hexo","hostname":"ludyhxydeMacBook-Pro.local","pid":32793,"level":20,"msg":"Processed: \u001b[35mlayout/_partial/post/meta.ejs\u001b[39m","time":"2018-05-31T03:40:25.977Z","v":0}
{"name":"hexo","hostname":"ludyhxydeMacBook-Pro.local","pid":32793,"level":20,"msg":"Processed: \u001b[35mlayout/_partial/post/share-options.ejs\u001b[39m","time":"2018-05-31T03:40:25.978Z","v":0}
{"name":"hexo","hostname":"ludyhxydeMacBook-Pro.local","pid":32793,"level":20,"msg":"Processed: \u001b[35mlayout/_partial/post/tag.ejs\u001b[39m","time":"2018-05-31T03:40:25.978Z","v":0}
{"name":"hexo","hostname":"ludyhxydeMacBook-Pro.local","pid":32793,"level":20,"msg":"Generator: \u001b[35mpage\u001b[39m","time":"2018-05-31T03:40:26.103Z","v":0}
{"name":"hexo","hostname":"ludyhxydeMacBook-Pro.local","pid":32793,"level":20,"msg":"Generator: \u001b[35mpost\u001b[39m","time":"2018-05-31T03:40:26.103Z","v":0}
{"name":"hexo","hostname":"ludyhxydeMacBook-Pro.local","pid":32793,"level":20,"msg":"Generator: \u001b[35marchive\u001b[39m","time":"2018-05-31T03:40:26.103Z","v":0}
{"name":"hexo","hostname":"ludyhxydeMacBook-Pro.local","pid":32793,"level":20,"msg":"Generator: \u001b[35mcategory\u001b[39m","time":"2018-05-31T03:40:26.103Z","v":0}
{"name":"hexo","hostname":"ludyhxydeMacBook-Pro.local","pid":32793,"level":20,"msg":"Generator: \u001b[35mindex\u001b[39m","time":"2018-05-31T03:40:26.103Z","v":0}
{"name":"hexo","hostname":"ludyhxydeMacBook-Pro.local","pid":32793,"level":20,"msg":"Generator: \u001b[35mtag\u001b[39m","time":"2018-05-31T03:40:26.103Z","v":0}
{"name":"hexo","hostname":"ludyhxydeMacBook-Pro.local","pid":32793,"level":20,"msg":"Generator: \u001b[35masset\u001b[39m","time":"2018-05-31T03:40:26.103Z","v":0}
{"name":"hexo","hostname":"ludyhxydeMacBook-Pro.local","pid":32793,"level":30,"msg":"Hexo is running at \u001b[4mhttp://localhost:4000/\u001b[24m. Press Ctrl+C to stop.","time":"2018-05-31T03:40:26.108Z","v":0}
{"name":"hexo","hostname":"ludyhxydeMacBook-Pro.local","pid":32793,"level":20,"msg":"Database saved","time":"2018-05-31T03:40:26.114Z","v":0}
{"name":"hexo","hostname":"ludyhxydeMacBook-Pro.local","pid":32793,"level":20,"msg":"Rendering index: \u001b[35mindex.html\u001b[39m","time":"2018-05-31T03:40:28.564Z","v":0}
{"name":"hexo","hostname":"ludyhxydeMacBook-Pro.local","pid":32793,"level":30,"msg":"Have a nice day","time":"2018-05-31T03:40:51.487Z","v":0}
{"name":"hexo","hostname":"ludyhxydeMacBook-Pro.local","pid":32793,"level":20,"msg":"Database saved","time":"2018-05-31T03:40:51.495Z","v":0}
